<?xml version="1.0" encoding="utf-8"?><testsuites name="pytest tests"><testsuite name="pytest" errors="0" failures="0" skipped="0" tests="11" time="6.950" timestamp="2026-04-30T12:01:26.927710+00:00" hostname="agent-env-64186992-1c4a-4cf4-9883-3958d5ee09be"><testcase classname="backend.tests.test_lockout_email.TestBruteForceLockout" name="test_wrong_password_5_times_then_429" time="1.696" /><testcase classname="backend.tests.test_lockout_email.TestBruteForceLockout" name="test_correct_password_within_lockout_still_429" time="1.434" /><testcase classname="backend.tests.test_lockout_email.TestBruteForceLockout" name="test_successful_login_clears_attempts" time="1.185" /><testcase classname="backend.tests.test_lockout_email.TestAdminLoginStillWorks" name="test_valid_login_returns_token" time="0.274" /><testcase classname="backend.tests.test_lockout_email.TestAdminLoginStillWorks" name="test_admin_me_after_login" time="0.331" /><testcase classname="backend.tests.test_lockout_email.TestEmailNoop" name="test_inquiry_post_returns_201_without_email_keys" time="0.451" /><testcase classname="backend.tests.test_lockout_email.TestEmailNoop" name="test_send_lead_notification_skips_gracefully" time="0.067" /><testcase classname="backend.tests.test_lockout_email.TestAdminRegression" name="test_list_inquiries" time="0.340" /><testcase classname="backend.tests.test_lockout_email.TestAdminRegression" name="test_export_csv" time="0.338" /><testcase classname="backend.tests.test_lockout_email.TestAdminRegression" name="test_search_regex_safe" time="0.339" /><testcase classname="backend.tests.test_lockout_email.TestAdminRegression" name="test_delete_nonexistent" time="0.348" /></testsuite></testsuites>