<?xml version="1.0" encoding="utf-8"?><testsuites name="pytest tests"><testsuite name="pytest" errors="0" failures="0" skipped="0" tests="19" time="2.462" timestamp="2026-04-30T11:49:14.008327+00:00" hostname="agent-env-64186992-1c4a-4cf4-9883-3958d5ee09be"><testcase classname="backend.tests.test_admin_api.TestAdminLogin" name="test_login_success" time="0.524" /><testcase classname="backend.tests.test_admin_api.TestAdminLogin" name="test_login_wrong_password" time="0.279" /><testcase classname="backend.tests.test_admin_api.TestAdminLogin" name="test_login_invalid_email_format" time="0.058" /><testcase classname="backend.tests.test_admin_api.TestAdminLogin" name="test_login_unknown_user" time="0.058" /><testcase classname="backend.tests.test_admin_api.TestAdminMe" name="test_me_with_valid_token" time="0.324" /><testcase classname="backend.tests.test_admin_api.TestAdminMe" name="test_me_without_token" time="0.056" /><testcase classname="backend.tests.test_admin_api.TestAdminMe" name="test_me_with_malformed_token" time="0.045" /><testcase classname="backend.tests.test_admin_api.TestAdminMe" name="test_me_with_expired_signature_invalid_secret" time="0.059" /><testcase classname="backend.tests.test_admin_api.TestAdminListInquiries" name="test_list_requires_auth" time="0.048" /><testcase classname="backend.tests.test_admin_api.TestAdminListInquiries" name="test_list_returns_envelope" time="0.362" /><testcase classname="backend.tests.test_admin_api.TestAdminListInquiries" name="test_list_search_filter" time="0.050" /><testcase classname="backend.tests.test_admin_api.TestAdminListInquiries" name="test_list_search_no_match" time="0.055" /><testcase classname="backend.tests.test_admin_api.TestAdminListInquiries" name="test_list_pagination" time="0.099" /><testcase classname="backend.tests.test_admin_api.TestAdminExportCsv" name="test_export_requires_auth" time="0.050" /><testcase classname="backend.tests.test_admin_api.TestAdminExportCsv" name="test_export_returns_csv" time="0.050" /><testcase classname="backend.tests.test_admin_api.TestAdminDeleteInquiry" name="test_delete_requires_auth" time="0.049" /><testcase classname="backend.tests.test_admin_api.TestAdminDeleteInquiry" name="test_delete_then_redelete_404" time="0.100" /><testcase classname="backend.tests.test_admin_api.TestAdminDeleteInquiry" name="test_delete_unknown_id" time="0.050" /><testcase classname="backend.tests.test_admin_api.TestPublicInquiryRegression" name="test_public_post_still_works" time="0.049" /></testsuite></testsuites>