<?xml version="1.0" encoding="utf-8"?><testsuites name="pytest tests"><testsuite name="pytest" errors="0" failures="0" skipped="0" tests="59" time="14.757" timestamp="2026-04-30T12:15:52.662045+00:00" hostname="agent-env-64186992-1c4a-4cf4-9883-3958d5ee09be"><testcase classname="backend.tests.test_admin_api.TestAdminLogin" name="test_login_success" time="0.429" /><testcase classname="backend.tests.test_admin_api.TestAdminLogin" name="test_login_wrong_password" time="0.273" /><testcase classname="backend.tests.test_admin_api.TestAdminLogin" name="test_login_invalid_email_format" time="0.044" /><testcase classname="backend.tests.test_admin_api.TestAdminLogin" name="test_login_unknown_user" time="0.047" /><testcase classname="backend.tests.test_admin_api.TestAdminMe" name="test_me_with_valid_token" time="0.320" /><testcase classname="backend.tests.test_admin_api.TestAdminMe" name="test_me_without_token" time="0.044" /><testcase classname="backend.tests.test_admin_api.TestAdminMe" name="test_me_with_malformed_token" time="0.047" /><testcase classname="backend.tests.test_admin_api.TestAdminMe" name="test_me_with_expired_signature_invalid_secret" time="0.050" /><testcase classname="backend.tests.test_admin_api.TestAdminListInquiries" name="test_list_requires_auth" time="0.048" /><testcase classname="backend.tests.test_admin_api.TestAdminListInquiries" name="test_list_returns_envelope" time="0.350" /><testcase classname="backend.tests.test_admin_api.TestAdminListInquiries" name="test_list_search_filter" time="0.049" /><testcase classname="backend.tests.test_admin_api.TestAdminListInquiries" name="test_list_search_no_match" time="0.051" /><testcase classname="backend.tests.test_admin_api.TestAdminListInquiries" name="test_list_pagination" time="0.096" /><testcase classname="backend.tests.test_admin_api.TestAdminExportCsv" name="test_export_requires_auth" time="0.049" /><testcase classname="backend.tests.test_admin_api.TestAdminExportCsv" name="test_export_returns_csv" time="0.048" /><testcase classname="backend.tests.test_admin_api.TestAdminDeleteInquiry" name="test_delete_requires_auth" time="0.047" /><testcase classname="backend.tests.test_admin_api.TestAdminDeleteInquiry" name="test_delete_then_redelete_404" time="0.092" /><testcase classname="backend.tests.test_admin_api.TestAdminDeleteInquiry" name="test_delete_unknown_id" time="0.047" /><testcase classname="backend.tests.test_admin_api.TestPublicInquiryRegression" name="test_public_post_still_works" time="0.047" /><testcase classname="backend.tests.test_drishti_api" name="test_root_returns_ok" time="0.096" /><testcase classname="backend.tests.test_drishti_api" name="test_create_inquiry_valid_payload" time="0.044" /><testcase classname="backend.tests.test_drishti_api" name="test_create_inquiry_missing_required_fields" time="0.046" /><testcase classname="backend.tests.test_drishti_api" name="test_create_inquiry_invalid_email" time="0.068" /><testcase classname="backend.tests.test_drishti_api" name="test_create_inquiry_short_message" time="0.043" /><testcase classname="backend.tests.test_drishti_api" name="test_list_inquiries_returns_list_and_excludes_mongo_id" time="0.087" /><testcase classname="backend.tests.test_lockout_email.TestBruteForceLockout" name="test_wrong_password_5_times_then_429" time="1.570" /><testcase classname="backend.tests.test_lockout_email.TestBruteForceLockout" name="test_correct_password_within_lockout_still_429" time="1.446" /><testcase classname="backend.tests.test_lockout_email.TestBruteForceLockout" name="test_successful_login_clears_attempts" time="1.170" /><testcase classname="backend.tests.test_lockout_email.TestAdminLoginStillWorks" name="test_valid_login_returns_token" time="0.283" /><testcase classname="backend.tests.test_lockout_email.TestAdminLoginStillWorks" name="test_admin_me_after_login" time="0.327" /><testcase classname="backend.tests.test_lockout_email.TestEmailNoop" name="test_inquiry_post_returns_201_without_email_keys" time="0.461" /><testcase classname="backend.tests.test_lockout_email.TestEmailNoop" name="test_send_lead_notification_skips_gracefully" time="0.069" /><testcase classname="backend.tests.test_lockout_email.TestAdminRegression" name="test_list_inquiries" time="0.336" /><testcase classname="backend.tests.test_lockout_email.TestAdminRegression" name="test_export_csv" time="0.472" /><testcase classname="backend.tests.test_lockout_email.TestAdminRegression" name="test_search_regex_safe" time="0.328" /><testcase classname="backend.tests.test_lockout_email.TestAdminRegression" name="test_delete_nonexistent" time="0.334" /><testcase classname="backend.tests.test_products_api.TestProductsList" name="test_list_returns_16_items" time="0.125" /><testcase classname="backend.tests.test_products_api.TestProductsList" name="test_filter_category_printer" time="0.106" /><testcase classname="backend.tests.test_products_api.TestProductsList" name="test_filter_category_label" time="0.103" /><testcase classname="backend.tests.test_products_api.TestProductsList" name="test_filter_category_ribbon" time="0.102" /><testcase classname="backend.tests.test_products_api.TestProductsList" name="test_search_zebra" time="0.108" /><testcase classname="backend.tests.test_products_api.TestProductsList" name="test_search_regex_escaped" time="0.123" /><testcase classname="backend.tests.test_products_api.TestProductsList" name="test_filter_featured_true" time="0.100" /><testcase classname="backend.tests.test_products_api.TestProductsList" name="test_invalid_category_rejected" time="0.105" /><testcase classname="backend.tests.test_products_api.TestProductDetail" name="test_get_zebra_zd621" time="0.108" /><testcase classname="backend.tests.test_products_api.TestProductDetail" name="test_get_unknown_slug_404" time="0.124" /><testcase classname="backend.tests.test_products_api.TestAdminProductsAuth" name="test_post_without_token_401" time="0.107" /><testcase classname="backend.tests.test_products_api.TestAdminProductsAuth" name="test_put_without_token_401" time="0.115" /><testcase classname="backend.tests.test_products_api.TestAdminProductsAuth" name="test_delete_without_token_401" time="0.115" /><testcase classname="backend.tests.test_products_api.TestAdminProductsCRUD" name="test_invalid_payload_422_bad_category" time="0.695" /><testcase classname="backend.tests.test_products_api.TestAdminProductsCRUD" name="test_invalid_payload_422_short_slug" time="0.322" /><testcase classname="backend.tests.test_products_api.TestAdminProductsCRUD" name="test_create_product_201" time="0.416" /><testcase classname="backend.tests.test_products_api.TestAdminProductsCRUD" name="test_duplicate_slug_409" time="0.440" /><testcase classname="backend.tests.test_products_api.TestAdminProductsCRUD" name="test_partial_update_preserves_untouched_fields" time="0.575" /><testcase classname="backend.tests.test_products_api.TestAdminProductsCRUD" name="test_update_unknown_slug_404" time="0.323" /><testcase classname="backend.tests.test_products_api.TestAdminProductsCRUD" name="test_delete_then_redelete_404" time="0.664" /><testcase classname="backend.tests.test_products_api.TestAdminRegression" name="test_admin_me" time="0.104" /><testcase classname="backend.tests.test_products_api.TestAdminRegression" name="test_admin_inquiries_list" time="0.110" /><testcase classname="backend.tests.test_products_api.TestAdminRegression" name="test_admin_inquiries_export_csv" time="0.118" /></testsuite></testsuites>