<?xml version="1.0" encoding="utf-8"?><testsuites name="pytest tests"><testsuite name="pytest" errors="0" failures="0" skipped="0" tests="6" time="0.673" timestamp="2026-04-30T11:27:59.591665+00:00" hostname="agent-env-64186992-1c4a-4cf4-9883-3958d5ee09be"><testcase classname="backend.tests.test_drishti_api" name="test_root_returns_ok" time="0.240" /><testcase classname="backend.tests.test_drishti_api" name="test_create_inquiry_valid_payload" time="0.050" /><testcase classname="backend.tests.test_drishti_api" name="test_create_inquiry_missing_required_fields" time="0.047" /><testcase classname="backend.tests.test_drishti_api" name="test_create_inquiry_invalid_email" time="0.047" /><testcase classname="backend.tests.test_drishti_api" name="test_create_inquiry_short_message" time="0.051" /><testcase classname="backend.tests.test_drishti_api" name="test_list_inquiries_returns_list_and_excludes_mongo_id" time="0.101" /></testsuite></testsuites>